c:\users\gareth\development\eb-library-windows\eb-master\debug\ebzip\vc141.pdb
c:\users\gareth\development\eb-library-windows\eb-master\debug\ebzip\vc141.idb
c:\users\gareth\development\eb-library-windows\eb-master\debug\ebzip\dirent.obj
c:\users\gareth\development\eb-library-windows\eb-master\debug\ebzip\zipinfofile.obj
c:\users\gareth\development\eb-library-windows\eb-master\debug\ebzip\zipinfobook.obj
c:\users\gareth\development\eb-library-windows\eb-master\debug\ebzip\zipfile.obj
c:\users\gareth\development\eb-library-windows\eb-master\debug\ebzip\zipbook.obj
c:\users\gareth\development\eb-library-windows\eb-master\debug\ebzip\unzipfile.obj
c:\users\gareth\development\eb-library-windows\eb-master\debug\ebzip\unzipbook.obj
c:\users\gareth\development\eb-library-windows\eb-master\debug\ebzip\unlinkfile.obj
c:\users\gareth\development\eb-library-windows\eb-master\debug\ebzip\speedup.obj
c:\users\gareth\development\eb-library-windows\eb-master\debug\ebzip\sebxa.obj
c:\users\gareth\development\eb-library-windows\eb-master\debug\ebzip\ebzip1.obj
c:\users\gareth\development\eb-library-windows\eb-master\debug\ebzip\ebzip.obj
c:\users\gareth\development\eb-library-windows\eb-master\debug\ebzip\copyfile.obj
c:\users\gareth\development\eb-library-windows\eb-master\debug\ebzip.exe
c:\users\gareth\development\eb-library-windows\eb-master\debug\ebzip.pdb
c:\users\gareth\development\eb-library-windows\eb-master\.\debug\ebzip.exe
c:\users\gareth\development\eb-library-windows\eb-master\debug\ebzip\ebzip.tlog\cl.command.1.tlog
c:\users\gareth\development\eb-library-windows\eb-master\debug\ebzip\ebzip.tlog\cl.read.1.tlog
c:\users\gareth\development\eb-library-windows\eb-master\debug\ebzip\ebzip.tlog\cl.write.1.tlog
c:\users\gareth\development\eb-library-windows\eb-master\debug\ebzip\ebzip.tlog\link.command.1.tlog
c:\users\gareth\development\eb-library-windows\eb-master\debug\ebzip\ebzip.tlog\link.read.1.tlog
c:\users\gareth\development\eb-library-windows\eb-master\debug\ebzip\ebzip.tlog\link.write.1.tlog
