c:\users\gareth\development\eb-library-windows\eb-master\debug\eb\vc141.pdb
c:\users\gareth\development\eb-library-windows\eb-master\debug\eb\vc141.idb
c:\users\gareth\development\eb-library-windows\eb-master\debug\eb\keyword.obj
c:\users\gareth\development\eb-library-windows\eb-master\debug\eb\jacode.obj
c:\users\gareth\development\eb-library-windows\eb-master\debug\eb\hook.obj
c:\users\gareth\development\eb-library-windows\eb-master\debug\eb\font.obj
c:\users\gareth\development\eb-library-windows\eb-master\debug\eb\filename.obj
c:\users\gareth\development\eb-library-windows\eb-master\debug\eb\exactword.obj
c:\users\gareth\development\eb-library-windows\eb-master\debug\eb\error.obj
c:\users\gareth\development\eb-library-windows\eb-master\debug\eb\endword.obj
c:\users\gareth\development\eb-library-windows\eb-master\debug\eb\ebnet.obj
c:\users\gareth\development\eb-library-windows\eb-master\debug\eb\eb.obj
c:\users\gareth\development\eb-library-windows\eb-master\debug\eb\dummyin6.obj
c:\users\gareth\development\eb-library-windows\eb-master\debug\eb\cross.obj
c:\users\gareth\development\eb-library-windows\eb-master\debug\eb\copyright.obj
c:\users\gareth\development\eb-library-windows\eb-master\debug\eb\booklist.obj
c:\users\gareth\development\eb-library-windows\eb-master\debug\eb\book.obj
c:\users\gareth\development\eb-library-windows\eb-master\debug\eb\bitmap.obj
c:\users\gareth\development\eb-library-windows\eb-master\debug\eb\binary.obj
c:\users\gareth\development\eb-library-windows\eb-master\debug\eb\bcd.obj
c:\users\gareth\development\eb-library-windows\eb-master\debug\eb\appsub.obj
c:\users\gareth\development\eb-library-windows\eb-master\debug\eb\appendix.obj
c:\users\gareth\development\eb-library-windows\eb-master\debug\eb\word.obj
c:\users\gareth\development\eb-library-windows\eb-master\debug\eb\widefont.obj
c:\users\gareth\development\eb-library-windows\eb-master\debug\eb\widealt.obj
c:\users\gareth\development\eb-library-windows\eb-master\debug\eb\urlparts.obj
c:\users\gareth\development\eb-library-windows\eb-master\debug\eb\text.obj
c:\users\gareth\development\eb-library-windows\eb-master\debug\eb\subbook.obj
c:\users\gareth\development\eb-library-windows\eb-master\debug\eb\strcasecmp.obj
c:\users\gareth\development\eb-library-windows\eb-master\debug\eb\stopcode.obj
c:\users\gareth\development\eb-library-windows\eb-master\debug\eb\setword.obj
c:\users\gareth\development\eb-library-windows\eb-master\debug\eb\search.obj
c:\users\gareth\development\eb-library-windows\eb-master\debug\eb\readtext.obj
c:\users\gareth\development\eb-library-windows\eb-master\debug\eb\narwfont.obj
c:\users\gareth\development\eb-library-windows\eb-master\debug\eb\narwalt.obj
c:\users\gareth\development\eb-library-windows\eb-master\debug\eb\multiplex.obj
c:\users\gareth\development\eb-library-windows\eb-master\debug\eb\multi.obj
c:\users\gareth\development\eb-library-windows\eb-master\debug\eb\menu.obj
c:\users\gareth\development\eb-library-windows\eb-master\debug\eb\match.obj
c:\users\gareth\development\eb-library-windows\eb-master\debug\eb\log.obj
c:\users\gareth\development\eb-library-windows\eb-master\debug\eb\lock.obj
c:\users\gareth\development\eb-library-windows\eb-master\debug\eb\linebuf.obj
c:\users\gareth\development\eb-library-windows\eb-master\debug\eb\localedir.obj
c:\users\gareth\development\eb-library-windows\eb-master\debug\eb\dirent.obj
c:\users\gareth\development\eb-library-windows\eb-master\debug\eb\zio.obj
c:\users\gareth\development\eb-library-windows\eb-master\debug\eb.lib
c:\users\gareth\development\eb-library-windows\eb-master\debug\eb.exp
c:\users\gareth\development\eb-library-windows\eb-master\debug\eb.dll
c:\users\gareth\development\eb-library-windows\eb-master\debug\eb.pdb
c:\users\gareth\development\eb-library-windows\eb-master\debug\eb\eb.res
c:\users\gareth\development\eb-library-windows\eb-master\.\debug\eb.dll
c:\users\gareth\development\eb-library-windows\eb-master\debug\eb\eb.tlog\cl.command.1.tlog
c:\users\gareth\development\eb-library-windows\eb-master\debug\eb\eb.tlog\cl.read.1.tlog
c:\users\gareth\development\eb-library-windows\eb-master\debug\eb\eb.tlog\cl.write.1.tlog
c:\users\gareth\development\eb-library-windows\eb-master\debug\eb\eb.tlog\eb.write.1u.tlog
c:\users\gareth\development\eb-library-windows\eb-master\debug\eb\eb.tlog\link.command.1.tlog
c:\users\gareth\development\eb-library-windows\eb-master\debug\eb\eb.tlog\link.read.1.tlog
c:\users\gareth\development\eb-library-windows\eb-master\debug\eb\eb.tlog\link.write.1.tlog
c:\users\gareth\development\eb-library-windows\eb-master\debug\eb\eb.tlog\rc.command.1.tlog
c:\users\gareth\development\eb-library-windows\eb-master\debug\eb\eb.tlog\rc.read.1.tlog
c:\users\gareth\development\eb-library-windows\eb-master\debug\eb\eb.tlog\rc.write.1.tlog
