  ebutils.c
c:\users\gareth\development\eb-library-windows\eb\libebutils\ebutils.c(179): warning C4996: 'strcpy': This function or variable may be unsafe. Consider using strcpy_s instead. To disable deprecation, use _CRT_SECURE_NO_WARNINGS. See online help for details.
  c:\program files (x86)\windows kits\10\include\10.0.10240.0\ucrt\string.h(119): note: see declaration of 'strcpy'
  getopt.c
c:\users\gareth\development\eb-library-windows\eb\libebutils\getopt.c(90): warning C4273: 'getenv': inconsistent dll linkage
  c:\program files (x86)\windows kits\10\include\10.0.10240.0\ucrt\stdlib.h(1183): note: see previous definition of 'getenv'
c:\users\gareth\development\eb-library-windows\eb\libebutils\getopt.c(219): warning C4996: 'getenv': This function or variable may be unsafe. Consider using _dupenv_s instead. To disable deprecation, use _CRT_SECURE_NO_WARNINGS. See online help for details.
  c:\program files (x86)\windows kits\10\include\10.0.10240.0\ucrt\stdlib.h(1183): note: see declaration of 'getenv'
c:\users\gareth\development\eb-library-windows\eb\libebutils\getopt.c(227): warning C4996: 'getenv': This function or variable may be unsafe. Consider using _dupenv_s instead. To disable deprecation, use _CRT_SECURE_NO_WARNINGS. See online help for details.
  c:\program files (x86)\windows kits\10\include\10.0.10240.0\ucrt\stdlib.h(1183): note: see declaration of 'getenv'
c:\users\gareth\development\eb-library-windows\eb\libebutils\getopt.c(261): warning C4996: 'getenv': This function or variable may be unsafe. Consider using _dupenv_s instead. To disable deprecation, use _CRT_SECURE_NO_WARNINGS. See online help for details.
  c:\program files (x86)\windows kits\10\include\10.0.10240.0\ucrt\stdlib.h(1183): note: see declaration of 'getenv'
  getumask.c
c:\users\gareth\development\eb-library-windows\eb\libebutils\getumask.c(50): warning C4996: 'umask': The POSIX name for this item is deprecated. Instead, use the ISO C and C++ conformant name: _umask. See online help for details.
  c:\program files (x86)\windows kits\10\include\10.0.10240.0\ucrt\corecrt_io.h(546): note: see declaration of 'umask'
c:\users\gareth\development\eb-library-windows\eb\libebutils\getumask.c(51): warning C4996: 'umask': The POSIX name for this item is deprecated. Instead, use the ISO C and C++ conformant name: _umask. See online help for details.
  c:\program files (x86)\windows kits\10\include\10.0.10240.0\ucrt\corecrt_io.h(546): note: see declaration of 'umask'
  makedir.c
c:\users\gareth\development\eb-library-windows\eb\libebutils\makedir.c(71): warning C4996: 'mkdir': The POSIX name for this item is deprecated. Instead, use the ISO C and C++ conformant name: _mkdir. See online help for details.
  c:\program files (x86)\windows kits\10\include\10.0.10240.0\ucrt\direct.h(108): note: see declaration of 'mkdir'
  puts_eucjp.c
  samefile.c
  strcasecmp.c
  strlist.c
c:\users\gareth\development\eb-library-windows\eb\libebutils\strlist.c(89): warning C4996: 'strcpy': This function or variable may be unsafe. Consider using strcpy_s instead. To disable deprecation, use _CRT_SECURE_NO_WARNINGS. See online help for details.
  c:\program files (x86)\windows kits\10\include\10.0.10240.0\ucrt\string.h(119): note: see declaration of 'strcpy'
  yesno.c
  Generating Code...
  ebutils.vcxproj -> C:\Users\Gareth\development\eb-library-windows\eb-master\.\Debug\ebutils.lib
