  copyfile.c
c1 : fatal error C1083: Cannot open source file: '..\eb\ebzip\copyfile.c': No such file or directory
  ebzip.c
c1 : fatal error C1083: Cannot open source file: '..\eb\ebzip\ebzip.c': No such file or directory
  ebzip1.c
c1 : fatal error C1083: Cannot open source file: '..\eb\ebzip\ebzip1.c': No such file or directory
  sebxa.c
c1 : fatal error C1083: Cannot open source file: '..\eb\ebzip\sebxa.c': No such file or directory
  speedup.c
c1 : fatal error C1083: Cannot open source file: '..\eb\ebzip\speedup.c': No such file or directory
  unzipbook.c
c1 : fatal error C1083: Cannot open source file: '..\eb\ebzip\unzipbook.c': No such file or directory
  unzipfile.c
c1 : fatal error C1083: Cannot open source file: '..\eb\ebzip\unzipfile.c': No such file or directory
  zipbook.c
c1 : fatal error C1083: Cannot open source file: '..\eb\ebzip\zipbook.c': No such file or directory
  zipfile.c
c1 : fatal error C1083: Cannot open source file: '..\eb\ebzip\zipfile.c': No such file or directory
  zipinfobook.c
c1 : fatal error C1083: Cannot open source file: '..\eb\ebzip\zipinfobook.c': No such file or directory
  zipinfofile.c
c1 : fatal error C1083: Cannot open source file: '..\eb\ebzip\zipinfofile.c': No such file or directory
  dirent.c
c:\users\gareth\development\eb\portsrc\dirent.c(54): warning C4996: 'strcpy': This function or variable may be unsafe. Consider using strcpy_s instead. To disable deprecation, use _CRT_SECURE_NO_WARNINGS. See online help for details.
  c:\program files (x86)\windows kits\10\include\10.0.10240.0\ucrt\string.h(119): note: see declaration of 'strcpy'
c:\users\gareth\development\eb\portsrc\dirent.c(56): warning C4996: 'sprintf': This function or variable may be unsafe. Consider using sprintf_s instead. To disable deprecation, use _CRT_SECURE_NO_WARNINGS. See online help for details.
  c:\program files (x86)\windows kits\10\include\10.0.10240.0\ucrt\stdio.h(1769): note: see declaration of 'sprintf'
c:\users\gareth\development\eb\portsrc\dirent.c(58): warning C4996: 'sprintf': This function or variable may be unsafe. Consider using sprintf_s instead. To disable deprecation, use _CRT_SECURE_NO_WARNINGS. See online help for details.
  c:\program files (x86)\windows kits\10\include\10.0.10240.0\ucrt\stdio.h(1769): note: see declaration of 'sprintf'
c:\users\gareth\development\eb\portsrc\dirent.c(60): warning C4996: 'sprintf': This function or variable may be unsafe. Consider using sprintf_s instead. To disable deprecation, use _CRT_SECURE_NO_WARNINGS. See online help for details.
  c:\program files (x86)\windows kits\10\include\10.0.10240.0\ucrt\stdio.h(1769): note: see declaration of 'sprintf'
c:\users\gareth\development\eb\portsrc\dirent.c(70): warning C4996: 'strdup': The POSIX name for this item is deprecated. Instead, use the ISO C and C++ conformant name: _strdup. See online help for details.
  c:\program files (x86)\windows kits\10\include\10.0.10240.0\ucrt\string.h(552): note: see declaration of 'strdup'
c:\users\gareth\development\eb\portsrc\dirent.c(114): warning C4996: 'strncpy': This function or variable may be unsafe. Consider using strncpy_s instead. To disable deprecation, use _CRT_SECURE_NO_WARNINGS. See online help for details.
  c:\program files (x86)\windows kits\10\include\10.0.10240.0\ucrt\string.h(340): note: see declaration of 'strncpy'
  Generating Code...
