c:\users\gareth\development\eb-library-windows\eb-master\debug\zlib\zlib.pdb
c:\users\gareth\development\eb-library-windows\eb-master\debug\zlib\zlib.idb
c:\users\gareth\development\eb-library-windows\eb-master\debug\zlib\zutil.obj
c:\users\gareth\development\eb-library-windows\eb-master\debug\zlib\uncompr.obj
c:\users\gareth\development\eb-library-windows\eb-master\debug\zlib\trees.obj
c:\users\gareth\development\eb-library-windows\eb-master\debug\zlib\inftrees.obj
c:\users\gareth\development\eb-library-windows\eb-master\debug\zlib\inflate.obj
c:\users\gareth\development\eb-library-windows\eb-master\debug\zlib\inffast.obj
c:\users\gareth\development\eb-library-windows\eb-master\debug\zlib\infback.obj
c:\users\gareth\development\eb-library-windows\eb-master\debug\zlib\gzio.obj
c:\users\gareth\development\eb-library-windows\eb-master\debug\zlib\deflate.obj
c:\users\gareth\development\eb-library-windows\eb-master\debug\zlib\crc32.obj
c:\users\gareth\development\eb-library-windows\eb-master\debug\zlib\compress.obj
c:\users\gareth\development\eb-library-windows\eb-master\debug\zlib\adler32.obj
c:\users\gareth\development\eb-library-windows\eb-master\debug\zlib\zconfig.obj
c:\users\gareth\development\eb-library-windows\eb-master\debug\zlib.lib
c:\users\gareth\development\eb-library-windows\eb-master\.\debug\zlib.lib
c:\users\gareth\development\eb-library-windows\eb-master\debug\zlib\zlib.tlog\cl.command.1.tlog
c:\users\gareth\development\eb-library-windows\eb-master\debug\zlib\zlib.tlog\cl.read.1.tlog
c:\users\gareth\development\eb-library-windows\eb-master\debug\zlib\zlib.tlog\cl.write.1.tlog
c:\users\gareth\development\eb-library-windows\eb-master\debug\zlib\zlib.tlog\lib-link.read.1.tlog
c:\users\gareth\development\eb-library-windows\eb-master\debug\zlib\zlib.tlog\lib-link.write.1.tlog
c:\users\gareth\development\eb-library-windows\eb-master\debug\zlib\zlib.tlog\lib.command.1.tlog
